<?xml version="1.0" encoding="UTF-8"?>
<testsuite name="model.GridTest" tests="3" skipped="0" failures="0" errors="0" timestamp="2022-10-05T08:28:22" hostname="DESKTOP-67PID6H" time="0.08">
  <properties/>
  <testcase name="testCountAliveNeighbours()" classname="model.GridTest" time="0.067"/>
  <testcase name="testGetNeighbours()" classname="model.GridTest" time="0.01"/>
  <testcase name="testCalculateNextState()" classname="model.GridTest" time="0.002"/>
  <system-out><![CDATA[]]></system-out>
  <system-err><![CDATA[]]></system-err>
</testsuite>
